#
# There is insufficient memory for the Java Runtime Environment to continue.
# Native memory allocation (mmap) failed to map 130023424 bytes for G1 virtual space
# Possible reasons:
#   The system is out of physical RAM or swap space
#   The process is running with CompressedOops enabled, and the Java Heap may be blocking the growth of the native heap
# Possible solutions:
#   Reduce memory load on the system
#   Increase physical memory or swap space
#   Check if swap backing store is full
#   Decrease Java heap size (-Xmx/-Xms)
#   Decrease number of Java threads
#   Decrease Java thread stack sizes (-Xss)
#   Set larger code cache with -XX:ReservedCodeCacheSize=
#   JVM is running with Unscaled Compressed Oops mode in which the Java heap is
#     placed in the first 4GB address space. The Java Heap base address is the
#     maximum limit for the native heap growth. Please use -XX:HeapBaseMinAddress
#     to set the Java Heap base and to place the Java Heap above 4GB virtual address.
# This output file may be truncated or incomplete.
#
#  Out of Memory Error (os_windows.cpp:3559), pid=4028, tid=27168
#
# JRE version:  (17.0.7+7) (build )
# Java VM: OpenJDK 64-Bit Server VM (17.0.7+7, mixed mode, sharing, tiered, compressed oops, compressed class ptrs, g1 gc, windows-amd64)
# No core dump will be written. Minidumps are not enabled by default on client versions of Windows
#

---------------  S U M M A R Y ------------

Command Line: -Dfile.encoding=UTF-8 -XX:+ShowCodeDetailsInExceptionMessages chatting.application.Server

Host: 11th Gen Intel(R) Core(TM) i3-1115G4 @ 3.00GHz, 4 cores, 7G,  Windows 11 , 64 bit Build 22621 (10.0.22621.3958)
Time: Sat Sep 21 15:12:21 2024 India Standard Time elapsed time: 0.010821 seconds (0d 0h 0m 0s)

---------------  T H R E A D  ---------------

Current thread (0x000002c9e050cb00):  JavaThread "Unknown thread" [_thread_in_vm, id=27168, stack(0x000000f381a00000,0x000000f381b00000)]

Stack: [0x000000f381a00000,0x000000f381b00000]
Native frames: (J=compiled Java code, j=interpreted, Vv=VM code, C=native code)
V  [jvm.dll+0x67754a]
V  [jvm.dll+0x834304]
V  [jvm.dll+0x835aae]
V  [jvm.dll+0x836113]
V  [jvm.dll+0x24696f]
V  [jvm.dll+0x6743f9]
V  [jvm.dll+0x668c8a]
V  [jvm.dll+0x3061bb]
V  [jvm.dll+0x30d6a6]
V  [jvm.dll+0x35cece]
V  [jvm.dll+0x35d0ff]
V  [jvm.dll+0x2dd048]
V  [jvm.dll+0x2ddfb4]
V  [jvm.dll+0x8066d1]
V  [jvm.dll+0x36ac91]
V  [jvm.dll+0x7e5cec]
V  [jvm.dll+0x3ed56f]
V  [jvm.dll+0x3ef0a1]
C  [jli.dll+0x528b]
C  [ucrtbase.dll+0x29333]
C  [KERNEL32.DLL+0x1257d]
C  [ntdll.dll+0x5af28]


---------------  P R O C E S S  ---------------

Threads class SMR info:
_java_thread_list=0x00007ffff4e57018, length=0, elements={
}

Java Threads: ( => current thread )

Other Threads:
  0x000002c9e0568f40 GCTaskThread "GC Thread#0" [stack: 0x000000f381b00000,0x000000f381c00000] [id=12072]
  0x000002c9e05799c0 ConcurrentGCThread "G1 Main Marker" [stack: 0x000000f381c00000,0x000000f381d00000] [id=22760]
  0x000002c9e057a270 ConcurrentGCThread "G1 Conc#0" [stack: 0x000000f381d00000,0x000000f381e00000] [id=24572]

[error occurred during error reporting (printing all threads), id 0xc0000005, EXCEPTION_ACCESS_VIOLATION (0xc0000005) at pc=0x00007ffff462daf7]

VM state: not at safepoint (not fully initialized)

VM Mutex/Monitor currently owned by a thread:  ([mutex/lock_event])
[0x000002c9e0508fb0] Heap_lock - owner thread: 0x000002c9e050cb00

Heap address: 0x0000000085800000, size: 1960 MB, Compressed Oops mode: 32-bit

CDS archive(s) mapped at: [0x0000000000000000-0x0000000000000000-0x0000000000000000), size 0, SharedBaseAddress: 0x0000000800000000, ArchiveRelocationMode: 0.
Narrow klass base: 0x0000000000000000, Narrow klass shift: 0, Narrow klass range: 0x0

GC Precious Log:
<Empty>

Heap:
 garbage-first heap   total 0K, used 0K [0x0000000085800000, 0x0000000100000000)
  region size 1024K, 0 young (0K), 0 survivors (0K)

[error occurred during error reporting (printing heap information), id 0xc0000005, EXCEPTION_ACCESS_VIOLATION (0xc0000005) at pc=0x00007ffff4a10db9]

GC Heap History (0 events):
No events

Dll operation events (1 events):
Event: 0.007 Loaded shared library C:\Users\BLESSY B SHERIN\OneDrive\Desktop\eclipse\eclipse\plugins\org.eclipse.justj.openjdk.hotspot.jre.full.win32.x86_64_17.0.7.v20230425-1502\jre\bin\java.dll

Deoptimization events (0 events):
No events

Classes unloaded (0 events):
No events

Classes redefined (0 events):
No events

Internal exceptions (0 events):
No events

VM Operations (0 events):
No events

Events (0 events):
No events


Dynamic libraries:
0x00007ff719320000 - 0x00007ff71932e000 	C:\Users\BLESSY B SHERIN\OneDrive\Desktop\eclipse\eclipse\plugins\org.eclipse.justj.openjdk.hotspot.jre.full.win32.x86_64_17.0.7.v20230425-1502\jre\bin\javaw.exe
0x00007ff842b30000 - 0x00007ff842d47000 	C:\WINDOWS\SYSTEM32\ntdll.dll
0x00007ff841e90000 - 0x00007ff841f54000 	C:\WINDOWS\System32\KERNEL32.DLL
0x00007ff840020000 - 0x00007ff8403cd000 	C:\WINDOWS\System32\KERNELBASE.dll
0x00007ff840570000 - 0x00007ff840681000 	C:\WINDOWS\System32\ucrtbase.dll
0x00007ff819f20000 - 0x00007ff819f37000 	C:\Users\BLESSY B SHERIN\OneDrive\Desktop\eclipse\eclipse\plugins\org.eclipse.justj.openjdk.hotspot.jre.full.win32.x86_64_17.0.7.v20230425-1502\jre\bin\jli.dll
0x00007ff8418a0000 - 0x00007ff841a4e000 	C:\WINDOWS\System32\USER32.dll
0x00007ff840710000 - 0x00007ff840736000 	C:\WINDOWS\System32\win32u.dll
0x00007ff842790000 - 0x00007ff8427b9000 	C:\WINDOWS\System32\GDI32.dll
0x00007ff840740000 - 0x00007ff840859000 	C:\WINDOWS\System32\gdi32full.dll
0x00007ff83ff80000 - 0x00007ff84001a000 	C:\WINDOWS\System32\msvcp_win.dll
0x00007ff819e30000 - 0x00007ff819e49000 	C:\Users\BLESSY B SHERIN\OneDrive\Desktop\eclipse\eclipse\plugins\org.eclipse.justj.openjdk.hotspot.jre.full.win32.x86_64_17.0.7.v20230425-1502\jre\bin\VCRUNTIME140.dll
0x00007ff81b350000 - 0x00007ff81b5e3000 	C:\WINDOWS\WinSxS\amd64_microsoft.windows.common-controls_6595b64144ccf1df_6.0.22621.3672_none_2713b9d173822955\COMCTL32.dll
0x00007ff841a50000 - 0x00007ff841af7000 	C:\WINDOWS\System32\msvcrt.dll
0x00007ff842960000 - 0x00007ff842991000 	C:\WINDOWS\System32\IMM32.DLL
0x00007ff81be30000 - 0x00007ff81be3c000 	C:\Users\BLESSY B SHERIN\OneDrive\Desktop\eclipse\eclipse\plugins\org.eclipse.justj.openjdk.hotspot.jre.full.win32.x86_64_17.0.7.v20230425-1502\jre\bin\vcruntime140_1.dll
0x00007fffca980000 - 0x00007fffcaa11000 	C:\Users\BLESSY B SHERIN\OneDrive\Desktop\eclipse\eclipse\plugins\org.eclipse.justj.openjdk.hotspot.jre.full.win32.x86_64_17.0.7.v20230425-1502\jre\bin\msvcp140.dll
0x00007ffff4340000 - 0x00007ffff4f88000 	C:\Users\BLESSY B SHERIN\OneDrive\Desktop\eclipse\eclipse\plugins\org.eclipse.justj.openjdk.hotspot.jre.full.win32.x86_64_17.0.7.v20230425-1502\jre\bin\server\jvm.dll
0x00007ff8429d0000 - 0x00007ff842a82000 	C:\WINDOWS\System32\ADVAPI32.dll
0x00007ff8428a0000 - 0x00007ff842949000 	C:\WINDOWS\System32\sechost.dll
0x00007ff8403d0000 - 0x00007ff8403f8000 	C:\WINDOWS\System32\bcrypt.dll
0x00007ff8415d0000 - 0x00007ff8416e4000 	C:\WINDOWS\System32\RPCRT4.dll
0x00007ff8379e0000 - 0x00007ff8379e9000 	C:\WINDOWS\SYSTEM32\WSOCK32.dll
0x00007ff8413d0000 - 0x00007ff841441000 	C:\WINDOWS\System32\WS2_32.dll
0x00007ff834460000 - 0x00007ff834494000 	C:\WINDOWS\SYSTEM32\WINMM.dll
0x00007ff835f70000 - 0x00007ff835f7a000 	C:\WINDOWS\SYSTEM32\VERSION.dll
0x00007ff83eea0000 - 0x00007ff83eeb8000 	C:\WINDOWS\SYSTEM32\kernel.appcore.dll
0x00007ff8379d0000 - 0x00007ff8379da000 	C:\Users\BLESSY B SHERIN\OneDrive\Desktop\eclipse\eclipse\plugins\org.eclipse.justj.openjdk.hotspot.jre.full.win32.x86_64_17.0.7.v20230425-1502\jre\bin\jimage.dll
0x00007ff83d740000 - 0x00007ff83d972000 	C:\WINDOWS\SYSTEM32\DBGHELP.DLL
0x00007ff841b00000 - 0x00007ff841e8e000 	C:\WINDOWS\System32\combase.dll
0x00007ff8427c0000 - 0x00007ff842897000 	C:\WINDOWS\System32\OLEAUT32.dll
0x00007ff814600000 - 0x00007ff814632000 	C:\WINDOWS\SYSTEM32\dbgcore.DLL
0x00007ff840690000 - 0x00007ff84070b000 	C:\WINDOWS\System32\bcryptPrimitives.dll
0x00007ff833e70000 - 0x00007ff833e95000 	C:\Users\BLESSY B SHERIN\OneDrive\Desktop\eclipse\eclipse\plugins\org.eclipse.justj.openjdk.hotspot.jre.full.win32.x86_64_17.0.7.v20230425-1502\jre\bin\java.dll

dbghelp: loaded successfully - version: 4.0.5 - missing functions: none
symbol engine: initialized successfully - sym options: 0x614 - pdb path: .;C:\Users\BLESSY B SHERIN\OneDrive\Desktop\eclipse\eclipse\plugins\org.eclipse.justj.openjdk.hotspot.jre.full.win32.x86_64_17.0.7.v20230425-1502\jre\bin;C:\WINDOWS\SYSTEM32;C:\WINDOWS\WinSxS\amd64_microsoft.windows.common-controls_6595b64144ccf1df_6.0.22621.3672_none_2713b9d173822955;C:\Users\BLESSY B SHERIN\OneDrive\Desktop\eclipse\eclipse\plugins\org.eclipse.justj.openjdk.hotspot.jre.full.win32.x86_64_17.0.7.v20230425-1502\jre\bin\server

VM Arguments:
jvm_args: -Dfile.encoding=UTF-8 -XX:+ShowCodeDetailsInExceptionMessages 
java_command: chatting.application.Server
java_class_path (initial): C:\Users\BLESSY B SHERIN\OneDrive\Desktop\eclipse\Chatting Application\bin
Launcher Type: SUN_STANDARD

[Global flags]
     intx CICompilerCount                          = 3                                         {product} {ergonomic}
     uint ConcGCThreads                            = 1                                         {product} {ergonomic}
     uint G1ConcRefinementThreads                  = 4                                         {product} {ergonomic}
   size_t G1HeapRegionSize                         = 1048576                                   {product} {ergonomic}
    uintx GCDrainStackTargetSize                   = 64                                        {product} {ergonomic}
   size_t InitialHeapSize                          = 130023424                                 {product} {ergonomic}
   size_t MarkStackSize                            = 4194304                                   {product} {ergonomic}
   size_t MaxHeapSize                              = 2055208960                                {product} {ergonomic}
   size_t MinHeapDeltaBytes                        = 1048576                                   {product} {ergonomic}
   size_t MinHeapSize                              = 8388608                                   {product} {ergonomic}
    uintx NonNMethodCodeHeapSize                   = 5832780                                {pd product} {ergonomic}
    uintx NonProfiledCodeHeapSize                  = 122912730                              {pd product} {ergonomic}
    uintx ProfiledCodeHeapSize                     = 122912730                              {pd product} {ergonomic}
    uintx ReservedCodeCacheSize                    = 251658240                              {pd product} {ergonomic}
     bool SegmentedCodeCache                       = true                                      {product} {ergonomic}
     bool ShowCodeDetailsInExceptionMessages       = true                                   {manageable} {command line}
   size_t SoftMaxHeapSize                          = 2055208960                             {manageable} {ergonomic}
     bool UseCompressedClassPointers               = true                           {product lp64_product} {ergonomic}
     bool UseCompressedOops                        = true                           {product lp64_product} {ergonomic}
     bool UseG1GC                                  = true                                      {product} {ergonomic}
     bool UseLargePagesIndividualAllocation        = false                                  {pd product} {ergonomic}

Logging:
Log output configuration:
 #0: stdout all=warning uptime,level,tags
 #1: stderr all=off uptime,level,tags

Environment Variables:
JAVA_HOME=C:\Program Files\Java\jdk-1.8
PATH=C:/Users/BLESSY B SHERIN/OneDrive/Desktop/eclipse/eclipse//plugins/org.eclipse.justj.openjdk.hotspot.jre.full.win32.x86_64_17.0.7.v20230425-1502/jre/bin/server;C:/Users/BLESSY B SHERIN/OneDrive/Desktop/eclipse/eclipse//plugins/org.eclipse.justj.openjdk.hotspot.jre.full.win32.x86_64_17.0.7.v20230425-1502/jre/bin;C:\Program Files\Common Files\Oracle\Java\javapath;C:\Program Files (x86)\Common Files\Oracle\Java\javapath;C:\WINDOWS\system32;C:\WINDOWS;C:\WINDOWS\System32\Wbem;C:\WINDOWS\System32\WindowsPowerShell\v1.0\;C:\WINDOWS\System32\OpenSSH\;C:\Program Files\nodejs;C:\Program Files\MATLAB\R2022a\bin;C:\Program Files\Java\jdk-19\bin;C:\Program Files\Java\jdk-17\bin;C:\Program Files\Java\jdk-17\bin;%JAVA_HOME%\bin;C:\ProgramData\chocolatey\bin;C:\Program Files\Java\jdk-17;C:\Program Files\HP\HP One Agent;C:\Program Files\Git\cmd;C:\Program Files\Git\mingw64\bin;C:\Program Files\Git\usr\bin;C:\Program Files\nodejs\;C:\Program Files\MySQL\MySQL Shell 8.0\bin\;C:\Program Files\Java\jdk-1.8\bin;;C:\Program Files\JetBrains\IntelliJ IDEA Community Edition 2023.2\bin;;C:\Program Files (x86)\Brackets\;C:\Users\BLESSY B SHERIN\Microsoft VS Code\bin;C:\Users\BLESSY B SHERIN\AppData\Roaming\npm;C:\Users\BLESSY B SHERIN\OneDrive\Desktop\eclipse\eclipse;
USERNAME=BLESSY B SHERIN
OS=Windows_NT
PROCESSOR_IDENTIFIER=Intel64 Family 6 Model 140 Stepping 1, GenuineIntel
TMP=C:\Users\BLESSY~1\AppData\Local\Temp
TEMP=C:\Users\BLESSY~1\AppData\Local\Temp



---------------  S Y S T E M  ---------------

OS:
 Windows 11 , 64 bit Build 22621 (10.0.22621.3958)
OS uptime: 0 days 5:59 hours
Hyper-V role detected

CPU: total 4 (initial active 4) (2 cores per cpu, 2 threads per core) family 6 model 140 stepping 1 microcode 0xb4, cx8, cmov, fxsr, ht, mmx, 3dnowpref, sse, sse2, sse3, ssse3, sse4.1, sse4.2, popcnt, lzcnt, tsc, tscinvbit, avx, avx2, aes, erms, clmul, bmi1, bmi2, adx, avx512f, avx512dq, avx512cd, avx512bw, avx512vl, sha, fma, vzeroupper, avx512_vpopcntdq, avx512_vpclmulqdq, avx512_vaes, avx512_vnni, clflush, clflushopt, clwb, avx512_vbmi2, avx512_vbmi, hv

Memory: 4k page, system-wide physical 7834M (482M free)
TotalPageFile size 31386M (AvailPageFile size 13M)
current process WorkingSet (physical memory assigned to process): 11M, peak: 11M
current process commit charge ("private bytes"): 51M, peak: 175M

vm_info: OpenJDK 64-Bit Server VM (17.0.7+7) for windows-amd64 JRE (17.0.7+7), built on Apr 18 2023 22:10:42 by "temurin" with MS VC++ 16.7 (VS2019)

END.
